mode: set
github.com/tomyfalgui/meeting_meter/meeting.go:19.68,20.28 1 1
github.com/tomyfalgui/meeting_meter/meeting.go:24.2,29.27 2 1
github.com/tomyfalgui/meeting_meter/meeting.go:35.2,35.15 1 1
github.com/tomyfalgui/meeting_meter/meeting.go:20.28,22.3 1 1
github.com/tomyfalgui/meeting_meter/meeting.go:29.27,31.17 2 1
github.com/tomyfalgui/meeting_meter/meeting.go:31.17,33.4 1 0
github.com/tomyfalgui/meeting_meter/meeting.go:38.32,39.42 1 0
github.com/tomyfalgui/meeting_meter/meeting.go:39.42,42.3 2 0
github.com/tomyfalgui/meeting_meter/meeting.go:45.36,48.35 3 1
github.com/tomyfalgui/meeting_meter/meeting.go:51.2,51.18 1 1
github.com/tomyfalgui/meeting_meter/meeting.go:48.35,50.3 1 1
github.com/tomyfalgui/meeting_meter/meeting.go:54.27,58.2 3 0
github.com/tomyfalgui/meeting_meter/meeting.go:60.42,61.32 1 1
github.com/tomyfalgui/meeting_meter/meeting.go:61.32,62.20 1 1
github.com/tomyfalgui/meeting_meter/meeting.go:65.3,66.13 2 1
github.com/tomyfalgui/meeting_meter/meeting.go:62.20,64.4 1 0
