mode: set
github.com/tomyfalgui/meeting_meter/meeting/meeting.go:19.52,20.28 1 1
github.com/tomyfalgui/meeting_meter/meeting/meeting.go:20.28,22.3 1 1
github.com/tomyfalgui/meeting_meter/meeting/meeting.go:23.2,29.15 2 1
github.com/tomyfalgui/meeting_meter/meeting/meeting.go:32.34,34.25 2 1
github.com/tomyfalgui/meeting_meter/meeting/meeting.go:34.25,36.3 1 0
github.com/tomyfalgui/meeting_meter/meeting/meeting.go:38.2,40.35 3 1
github.com/tomyfalgui/meeting_meter/meeting/meeting.go:40.35,42.3 1 1
github.com/tomyfalgui/meeting_meter/meeting/meeting.go:44.2,44.18 1 1
github.com/tomyfalgui/meeting_meter/meeting/meeting.go:47.46,51.2 2 1
github.com/tomyfalgui/meeting_meter/meeting/meeting.go:53.17,54.22 1 1
github.com/tomyfalgui/meeting_meter/meeting/meeting.go:54.22,57.3 2 1
github.com/tomyfalgui/meeting_meter/meeting/meeting.go:59.2,61.22 3 1
github.com/tomyfalgui/meeting_meter/meeting/meeting.go:61.22,63.3 1 1
github.com/tomyfalgui/meeting_meter/meeting/meeting.go:65.2,66.16 2 1
github.com/tomyfalgui/meeting_meter/meeting/meeting.go:66.16,69.3 2 1
github.com/tomyfalgui/meeting_meter/meeting/meeting.go:71.2,72.16 2 1
github.com/tomyfalgui/meeting_meter/meeting/meeting.go:72.16,76.3 3 1
github.com/tomyfalgui/meeting_meter/meeting/meeting.go:78.2,81.48 3 0
github.com/tomyfalgui/meeting_meter/meeting/meeting.go:81.48,87.3 4 0
github.com/tomyfalgui/meeting_meter/meeting/meeting.go:89.2,89.10 1 0
github.com/tomyfalgui/meeting_meter/meeting/meeting.go:92.24,102.2 7 1
